<?xml version="1.0" encoding="UTF-8"?>
<testsuite name="com.bestbuyapiplayground.model.bestbuyinfo.productsinfo.ProductsCRUDTestWithSteps" time="0.042" tests="2" errors="1" skipped="0" failures="1">
  <properties>
[...]
</properties>
  <testcase name="test001" classname="com.bestbuyapiplayground.model.bestbuyinfo.productsinfo.ProductsCRUDTestWithSteps" time="0.001">
    <error type="java.lang.NullPointerException:">java.lang.NullPointerException: null
	at com.bestbuyapiplayground.model.bestbuyinfo.productsinfo.ProductsCRUDTestWithSteps.test001(ProductsCRUDTestWithSteps.java:46)
</error>
    <system-err><![CDATA[3044 [main] INFO net.serenitybdd.core.Serenity - 
        __    _____ _____ ____ _____   ____   _    ____  ____  _____ ____  
  _     \ \  |_   _| ____/ ___|_   _| |  _ \ / \  / ___|/ ___|| ____|  _ \ 
 (_)_____| |   | | |  _| \___ \ | |   | |_) / _ \ \___ \\___ \|  _| | | | |
  _|_____| |   | | | |___ ___) || |   |  __/ ___ \ ___) |___) | |___| |_| |
 (_)     | |   |_| |_____|____/ |_|   |_| /_/   \_\____/|____/|_____|____/ 
        /_/                                                                

TEST PASSED: Get products by id
----------------------------------------------------------------------------
3148 [pool-1-thread-2] INFO net.thucydides.core.reports.json.JSONTestOutcomeReporter - Generating JSON report for Get products by id to file C:\Users\viral\IdeaProjects\bestbuyplayground-api-serenity-homework-week19\target\site\serenity\847d7918d0e7a27b8d47aecb3bacf60c657748f4f1c4316bafc95b4ee67ca552.json (using temp file C:\Users\viral\IdeaProjects\bestbuyplayground-api-serenity-homework-week19\target\site\serenity\847d7918d0e7a27b8d47aecb3bacf60c657748f4f1c4316bafc95b4ee67ca552.jsonb3b5a06e-ef2c-46ab-a7a9-f8d7d736ac72)
3148 [pool-1-thread-1] INFO net.thucydides.core.reports.json.JSONTestOutcomeReporter - Generating JSON report for Get all the products information to file C:\Users\viral\IdeaProjects\bestbuyplayground-api-serenity-homework-week19\target\site\serenity\efab4c9c501f32c34aaf03e98ff76ee3174c478613bfa965018ac56037d98178.json (using temp file C:\Users\viral\IdeaProjects\bestbuyplayground-api-serenity-homework-week19\target\site\serenity\efab4c9c501f32c34aaf03e98ff76ee3174c478613bfa965018ac56037d98178.json7e542887-b117-4a2b-a29a-6579b9b97850)
3349 [pool-2-thread-2] INFO net.thucydides.core.reports.html.HtmlAcceptanceTestReporter - GENERATING HTML REPORT FOR First serenity test:test002 in 847d7918d0e7a27b8d47aecb3bacf60c657748f4f1c4316bafc95b4ee67ca552.html in directory target\site\serenity  
3349 [pool-2-thread-1] INFO net.thucydides.core.reports.html.HtmlAcceptanceTestReporter - GENERATING HTML REPORT FOR First serenity test:test001 in efab4c9c501f32c34aaf03e98ff76ee3174c478613bfa965018ac56037d98178.html in directory target\site\serenity  
]]></system-err>
  </testcase>
  <testcase name="test002" classname="com.bestbuyapiplayground.model.bestbuyinfo.productsinfo.ProductsCRUDTestWithSteps" time="0.041">
    <failure message="1 expectation failed.&#10;Expected status code &lt;200&gt; but was &lt;404&gt;.&#10;" type="java.lang.AssertionError"><![CDATA[java.lang.AssertionError: 1 expectation failed.
Expected status code <200> but was <404>.

	at sun.reflect.NativeConstructorAccessorImpl.newInstance0(Native Method)
	at sun.reflect.NativeConstructorAccessorImpl.newInstance(NativeConstructorAccessorImpl.java:62)
	at sun.reflect.DelegatingConstructorAccessorImpl.newInstance(DelegatingConstructorAccessorImpl.java:45)
	at java.lang.reflect.Constructor.newInstance(Constructor.java:423)
	at org.codehaus.groovy.reflection.CachedConstructor.invoke(CachedConstructor.java:83)
	at org.codehaus.groovy.reflection.CachedConstructor.doConstructorInvoke(CachedConstructor.java:77)
	at org.codehaus.groovy.runtime.callsite.ConstructorSite$ConstructorSiteNoUnwrap.callConstructor(ConstructorSite.java:84)
	at org.codehaus.groovy.runtime.callsite.CallSiteArray.defaultCallConstructor(CallSiteArray.java:60)
	at org.codehaus.groovy.runtime.callsite.AbstractCallSite.callConstructor(AbstractCallSite.java:235)
	at org.codehaus.groovy.runtime.callsite.AbstractCallSite.callConstructor(AbstractCallSite.java:247)
	at io.restassured.internal.ResponseSpecificationImpl$HamcrestAssertionClosure.validate(ResponseSpecificationImpl.groovy:471)
	at io.restassured.internal.ResponseSpecificationImpl$HamcrestAssertionClosure$validate$1.call(Unknown Source)
	at io.restassured.internal.ResponseSpecificationImpl.validateResponseIfRequired(ResponseSpecificationImpl.groovy:636)
	at sun.reflect.NativeMethodAccessorImpl.invoke0(Native Method)
	at sun.reflect.NativeMethodAccessorImpl.invoke(NativeMethodAccessorImpl.java:62)
	at sun.reflect.DelegatingMethodAccessorImpl.invoke(DelegatingMethodAccessorImpl.java:43)
	at java.lang.reflect.Method.invoke(Method.java:498)
	at org.codehaus.groovy.runtime.callsite.PogoMetaMethodSite$PogoCachedMethodSiteNoUnwrapNoCoerce.invoke(PogoMetaMethodSite.java:210)
	at org.codehaus.groovy.runtime.callsite.PogoMetaMethodSite.callCurrent(PogoMetaMethodSite.java:59)
	at org.codehaus.groovy.runtime.callsite.AbstractCallSite.callCurrent(AbstractCallSite.java:166)
	at io.restassured.internal.ResponseSpecificationImpl.statusCode(ResponseSpecificationImpl.groovy:122)
	at io.restassured.specification.ResponseSpecification$statusCode$0.callCurrent(Unknown Source)
	at io.restassured.internal.ResponseSpecificationImpl.statusCode(ResponseSpecificationImpl.groovy:130)
	at io.restassured.internal.ValidatableResponseOptionsImpl.statusCode(ValidatableResponseOptionsImpl.java:117)
	at com.bestbuyapiplayground.model.bestbuyinfo.productsinfo.ProductsCRUDTestWithSteps.test002(ProductsCRUDTestWithSteps.java:64)
]]></failure>
  </testcase>
</testsuite>