<?xml version="1.0" encoding="UTF-8"?><testsuite errors="0" failures="0" name="com.bestbuyapiplayground.model.bestbuyinfo.productsinfo.FirstSerenityTest" skipped="0" tests="2" time="2.5" timestamp="2021-07-21T14:50:50.301+01:00[Europe/London]"><testcase classname="com.bestbuyapiplayground.model.bestbuyinfo.productsinfo.FirstSerenityTest" name="Get all the products information"/><testcase classname="com.bestbuyapiplayground.model.bestbuyinfo.productsinfo.FirstSerenityTest" name="Get products by id"/></testsuite>